<?xml version="1.0" encoding="UTF-8"?>
<!-- Generated by org.testng.reporters.JUnitXMLReporter -->
<testsuite ignored="1" hostname="DESKTOP-OSUCQ8V" failures="1" tests="6" name="Create Booking Test - No Discount" time="0.055" errors="0" timestamp="2022-03-22T20:20:39 IST">
  <testcase classname="testCases.BookingSearch" name="searchHotel" time="0.01"/>
  <testcase classname="testCases.BookingSearch" name="selectHotel" time="0.001"/>
  <testcase classname="testCases.BookingSearch" name="enterGuestInfo" time="0.001"/>
  <testcase classname="testCases.PaymentMangement" name="makePayment" time="0.0">
    <failure type="org.testng.TestNGException" message="
Parameter &amp;apos;action&amp;apos; is required by @Test on method makePayment but has not been marked @Optional or defined
in C:\Users\My\eclipse-workspace\HotelBookingProject\testng.xml">
      <![CDATA[org.testng.TestNGException: 
Parameter 'action' is required by @Test on method makePayment but has not been marked @Optional or defined
in C:\Users\My\eclipse-workspace\HotelBookingProject\testng.xml
at java.base/java.util.ArrayList.forEach(ArrayList.java:1511)
... Removed 26 stack frames]]>
    </failure>
  </testcase> <!-- makePayment -->
  <testcase classname="testCases.CustomerCommunications" name="checkMobile" time="0.001"/>
  <testcase classname="testCases.CustomerCommunications" name="checkMail" time="0.001"/>
  <testcase classname="testCases.PaymentMangement" name="applyDiscount" time="0.0">
    <ignored/>
  </testcase> <!-- applyDiscount -->
</testsuite> <!-- Create Booking Test - No Discount -->
